2020-05-07 13:09:39.853  INFO 13488 --- [restartedMain] com.tx.init.TopSearchApplication         : Starting TopSearchApplication on DESKTOP-OT1SN41 with PID 13488 (C:\Users\knightxv\Desktop\ee-workspace\topSearch\target\classes started by knightxv in C:\Users\knightxv\Desktop\ee-workspace\topSearch)
2020-05-07 13:09:39.864  INFO 13488 --- [restartedMain] com.tx.init.TopSearchApplication         : No active profile set, falling back to default profiles: default
2020-05-07 13:09:39.912  INFO 13488 --- [restartedMain] .e.DevToolsPropertyDefaultsPostProcessor : Devtools property defaults active! Set 'spring.devtools.add-properties' to 'false' to disable
2020-05-07 13:09:39.913  INFO 13488 --- [restartedMain] .e.DevToolsPropertyDefaultsPostProcessor : For additional web related logging consider setting the 'logging.level.web' property to 'DEBUG'
2020-05-07 13:09:40.596  WARN 13488 --- [restartedMain] o.m.s.mapper.ClassPathMapperScanner      : No MyBatis mapper was found in '[com.tx.init]' package. Please check your configuration.
2020-05-07 13:09:40.990  INFO 13488 --- [restartedMain] o.s.b.w.embedded.tomcat.TomcatWebServer  : Tomcat initialized with port(s): 8080 (http)
2020-05-07 13:09:40.999  INFO 13488 --- [restartedMain] o.apache.catalina.core.StandardService   : Starting service [Tomcat]
2020-05-07 13:09:41.000  INFO 13488 --- [restartedMain] org.apache.catalina.core.StandardEngine  : Starting Servlet engine: [Apache Tomcat/9.0.33]
2020-05-07 13:09:41.076  INFO 13488 --- [restartedMain] o.a.c.c.C.[.[localhost].[/topSearch]     : Initializing Spring embedded WebApplicationContext
2020-05-07 13:09:41.076  INFO 13488 --- [restartedMain] o.s.web.context.ContextLoader            : Root WebApplicationContext: initialization completed in 1163 ms
2020-05-07 13:09:41.318  INFO 13488 --- [restartedMain] o.s.s.concurrent.ThreadPoolTaskExecutor  : Initializing ExecutorService 'applicationTaskExecutor'
2020-05-07 13:09:41.490  INFO 13488 --- [restartedMain] o.s.s.c.ThreadPoolTaskScheduler          : Initializing ExecutorService 'taskScheduler'
2020-05-07 13:09:41.526  INFO 13488 --- [restartedMain] o.s.b.d.a.OptionalLiveReloadServer       : LiveReload server is running on port 35729
2020-05-07 13:09:41.573  INFO 13488 --- [restartedMain] o.s.b.w.embedded.tomcat.TomcatWebServer  : Tomcat started on port(s): 8080 (http) with context path '/topSearch'
2020-05-07 13:09:41.575  INFO 13488 --- [restartedMain] com.tx.init.TopSearchApplication         : Started TopSearchApplication in 2.077 seconds (JVM running for 2.81)
2020-05-07 13:10:00.518  INFO 13488 --- [scheduling-1] com.zaxxer.hikari.HikariDataSource       : HikariPool-1 - Starting...
2020-05-07 13:10:00.691  INFO 13488 --- [scheduling-1] com.zaxxer.hikari.HikariDataSource       : HikariPool-1 - Start completed.
2020-05-07 13:10:00.853  INFO 13488 --- [scheduling-1] com.tx.utils.MyResult                    : 2020-05-07 13:10:00 baidu           成功抓取50条
2020-05-07 13:10:01.206  INFO 13488 --- [scheduling-1] com.tx.utils.MyResult                    : 2020-05-07 13:10:01 zhihu           成功抓取49条
2020-05-07 13:10:01.688  INFO 13488 --- [scheduling-1] com.tx.utils.MyResult                    : 2020-05-07 13:10:01 bilibili        成功抓取100条
2020-05-07 13:10:01.869  INFO 13488 --- [scheduling-1] com.tx.utils.MyResult                    : 2020-05-07 13:10:01 weibo           成功抓取50条
2020-05-07 13:10:02.119  INFO 13488 --- [scheduling-1] com.tx.utils.MyResult                    : 2020-05-07 13:10:01 tieba           成功抓取30条
2020-05-07 13:10:02.264  INFO 13488 --- [scheduling-1] com.tx.utils.MyResult                    : 2020-05-07 13:10:02 douyin          成功抓取30条
2020-05-07 13:10:02.461  INFO 13488 --- [scheduling-1] com.tx.utils.MyResult                    : 2020-05-07 13:10:02 toutiao         成功抓取60条
2020-05-07 13:13:00.099  INFO 13488 --- [Thread-6] o.s.s.c.ThreadPoolTaskScheduler          : Shutting down ExecutorService 'taskScheduler'
2020-05-07 13:13:00.100  INFO 13488 --- [Thread-6] o.s.s.concurrent.ThreadPoolTaskExecutor  : Shutting down ExecutorService 'applicationTaskExecutor'
2020-05-07 13:13:00.101  INFO 13488 --- [Thread-6] com.zaxxer.hikari.HikariDataSource       : HikariPool-1 - Shutdown initiated...
2020-05-07 13:13:00.112  INFO 13488 --- [Thread-6] com.zaxxer.hikari.HikariDataSource       : HikariPool-1 - Shutdown completed.
2020-05-07 13:13:00.340  INFO 13488 --- [restartedMain] com.tx.init.TopSearchApplication         : Starting TopSearchApplication on DESKTOP-OT1SN41 with PID 13488 (C:\Users\knightxv\Desktop\ee-workspace\topSearch\target\classes started by knightxv in C:\Users\knightxv\Desktop\ee-workspace\topSearch)
2020-05-07 13:13:00.340  INFO 13488 --- [restartedMain] com.tx.init.TopSearchApplication         : No active profile set, falling back to default profiles: default
2020-05-07 13:13:00.575  WARN 13488 --- [restartedMain] o.m.s.mapper.ClassPathMapperScanner      : No MyBatis mapper was found in '[com.tx.init]' package. Please check your configuration.
2020-05-07 13:13:00.656  INFO 13488 --- [restartedMain] o.s.b.w.embedded.tomcat.TomcatWebServer  : Tomcat initialized with port(s): 8080 (http)
2020-05-07 13:13:00.656  INFO 13488 --- [restartedMain] o.apache.catalina.core.StandardService   : Starting service [Tomcat]
2020-05-07 13:13:00.657  INFO 13488 --- [restartedMain] org.apache.catalina.core.StandardEngine  : Starting Servlet engine: [Apache Tomcat/9.0.33]
2020-05-07 13:13:00.671  INFO 13488 --- [restartedMain] o.a.c.c.C.[.[localhost].[/topSearch]     : Initializing Spring embedded WebApplicationContext
2020-05-07 13:13:00.671  INFO 13488 --- [restartedMain] o.s.web.context.ContextLoader            : Root WebApplicationContext: initialization completed in 328 ms
2020-05-07 13:13:00.756  INFO 13488 --- [restartedMain] o.s.s.concurrent.ThreadPoolTaskExecutor  : Initializing ExecutorService 'applicationTaskExecutor'
2020-05-07 13:13:00.814  INFO 13488 --- [restartedMain] o.s.s.c.ThreadPoolTaskScheduler          : Initializing ExecutorService 'taskScheduler'
2020-05-07 13:13:00.834  INFO 13488 --- [restartedMain] o.s.b.d.a.OptionalLiveReloadServer       : LiveReload server is running on port 35729
2020-05-07 13:13:00.846  INFO 13488 --- [restartedMain] o.s.b.w.embedded.tomcat.TomcatWebServer  : Tomcat started on port(s): 8080 (http) with context path '/topSearch'
2020-05-07 13:13:00.847  INFO 13488 --- [restartedMain] com.tx.init.TopSearchApplication         : Started TopSearchApplication in 0.543 seconds (JVM running for 202.081)
2020-05-07 13:13:00.848  INFO 13488 --- [restartedMain] .ConditionEvaluationDeltaLoggingListener : Condition evaluation unchanged
2020-05-07 13:13:02.659  INFO 13488 --- [RMI TCP Connection(2)-127.0.0.1] inMXBeanRegistrar$SpringApplicationAdmin : Application shutdown requested.
2020-05-07 13:13:02.662  INFO 13488 --- [RMI TCP Connection(2)-127.0.0.1] o.s.s.c.ThreadPoolTaskScheduler          : Shutting down ExecutorService 'taskScheduler'
2020-05-07 13:13:02.663  INFO 13488 --- [RMI TCP Connection(2)-127.0.0.1] o.s.s.concurrent.ThreadPoolTaskExecutor  : Shutting down ExecutorService 'applicationTaskExecutor'
